==> Docker <==
-- Logs begin at Sun 2021-02-07 08:43:52 UTC, end at Sun 2021-02-07 10:55:32 UTC. --
Feb 07 08:46:58 minikube dockerd[2668]: time="2021-02-07T08:46:58.651207355Z" level=info msg="ignoring event" container=10b3d69ad45329aeb17ca458063efdd1c23cc9911d8692785763ca50aaf6b15c module=libcontainerd namespace=moby topic=/tasks/delete type="*events.TaskDelete"
Feb 07 08:46:59 minikube dockerd[2675]: time="2021-02-07T08:46:59.102814753Z" level=info msg="starting signal loop" namespace=moby path=/run/docker/containerd/daemon/io.containerd.runtime.v2.task/moby/e500a30e9ca8fd7d79a63ec99080355df4d77c746f1dec61f5aa93f252f3a5ca pid=10697
Feb 07 08:46:59 minikube dockerd[2675]: time="2021-02-07T08:46:59.905470246Z" level=info msg="shim disconnected" id=e500a30e9ca8fd7d79a63ec99080355df4d77c746f1dec61f5aa93f252f3a5ca
Feb 07 08:46:59 minikube dockerd[2668]: time="2021-02-07T08:46:59.904827792Z" level=info msg="ignoring event" container=e500a30e9ca8fd7d79a63ec99080355df4d77c746f1dec61f5aa93f252f3a5ca module=libcontainerd namespace=moby topic=/tasks/delete type="*events.TaskDelete"
Feb 07 08:47:00 minikube dockerd[2675]: time="2021-02-07T08:47:00.724044433Z" level=info msg="starting signal loop" namespace=moby path=/run/docker/containerd/daemon/io.containerd.runtime.v2.task/moby/91135102fb206a1e1e8a9342f01582e7441a57f9db396fd77b8a078f482c741a pid=10813
Feb 07 08:47:02 minikube dockerd[2675]: time="2021-02-07T08:47:02.488468601Z" level=info msg="shim disconnected" id=91135102fb206a1e1e8a9342f01582e7441a57f9db396fd77b8a078f482c741a
Feb 07 08:47:02 minikube dockerd[2668]: time="2021-02-07T08:47:02.492763870Z" level=info msg="ignoring event" container=91135102fb206a1e1e8a9342f01582e7441a57f9db396fd77b8a078f482c741a module=libcontainerd namespace=moby topic=/tasks/delete type="*events.TaskDelete"
Feb 07 08:47:03 minikube dockerd[2675]: time="2021-02-07T08:47:03.824792112Z" level=info msg="starting signal loop" namespace=moby path=/run/docker/containerd/daemon/io.containerd.runtime.v2.task/moby/0ee80b342062ea441fa722e317b7e442c4377dd0d9b174e27a4b383a82388a9a pid=10923
Feb 07 08:47:04 minikube dockerd[2668]: time="2021-02-07T08:47:04.252810725Z" level=info msg="ignoring event" container=0ee80b342062ea441fa722e317b7e442c4377dd0d9b174e27a4b383a82388a9a module=libcontainerd namespace=moby topic=/tasks/delete type="*events.TaskDelete"
Feb 07 08:47:04 minikube dockerd[2675]: time="2021-02-07T08:47:04.255638584Z" level=info msg="shim disconnected" id=0ee80b342062ea441fa722e317b7e442c4377dd0d9b174e27a4b383a82388a9a
Feb 07 08:47:04 minikube dockerd[2675]: time="2021-02-07T08:47:04.459617507Z" level=info msg="starting signal loop" namespace=moby path=/run/docker/containerd/daemon/io.containerd.runtime.v2.task/moby/0b2ea913691b06474741fdf33fb8f653ade781e967b9dd5ed41a32ac011c6324 pid=11023
Feb 07 08:47:04 minikube dockerd[2675]: time="2021-02-07T08:47:04.873493825Z" level=info msg="shim disconnected" id=0b2ea913691b06474741fdf33fb8f653ade781e967b9dd5ed41a32ac011c6324
Feb 07 08:47:04 minikube dockerd[2668]: time="2021-02-07T08:47:04.875508647Z" level=info msg="ignoring event" container=0b2ea913691b06474741fdf33fb8f653ade781e967b9dd5ed41a32ac011c6324 module=libcontainerd namespace=moby topic=/tasks/delete type="*events.TaskDelete"
Feb 07 08:47:06 minikube dockerd[2668]: time="2021-02-07T08:47:06.130766409Z" level=info msg="Layer sha256:f6394bef8c159b5d012445f2f9d86f3e42099b55ba6d7ee00f7670ecfa8d0051 cleaned up"
Feb 07 08:47:06 minikube dockerd[2668]: time="2021-02-07T08:47:06.232320011Z" level=info msg="Layer sha256:f6394bef8c159b5d012445f2f9d86f3e42099b55ba6d7ee00f7670ecfa8d0051 cleaned up"
Feb 07 08:47:06 minikube dockerd[2668]: time="2021-02-07T08:47:06.351766869Z" level=info msg="Layer sha256:f6394bef8c159b5d012445f2f9d86f3e42099b55ba6d7ee00f7670ecfa8d0051 cleaned up"
Feb 07 08:47:14 minikube dockerd[2675]: time="2021-02-07T08:47:14.182345443Z" level=info msg="starting signal loop" namespace=moby path=/run/docker/containerd/daemon/io.containerd.runtime.v2.task/moby/a18b182760b2dbf9bf10281d3a7477a474fe5d19640d9bf75adcff2482dbc471 pid=11449
Feb 07 08:47:14 minikube dockerd[2675]: time="2021-02-07T08:47:14.610059738Z" level=info msg="starting signal loop" namespace=moby path=/run/docker/containerd/daemon/io.containerd.runtime.v2.task/moby/c7f9f3478f20eb7db369b90d54a0d0d919cbbb2580a9d45f3f7154b6323eb5ee pid=11546
Feb 07 08:47:14 minikube dockerd[2675]: time="2021-02-07T08:47:14.685365549Z" level=info msg="starting signal loop" namespace=moby path=/run/docker/containerd/daemon/io.containerd.runtime.v2.task/moby/48ec3df5c9afa6c843996c46a3f12e1d1da17174ed5f78d377902297055802b7 pid=11562
Feb 07 08:47:14 minikube dockerd[2675]: time="2021-02-07T08:47:14.732645164Z" level=info msg="starting signal loop" namespace=moby path=/run/docker/containerd/daemon/io.containerd.runtime.v2.task/moby/adc3658035c4c591492092e2c48439299faa070d0b5ead8393138d83e0d558e8 pid=11606
Feb 07 08:47:14 minikube dockerd[2675]: time="2021-02-07T08:47:14.928363574Z" level=info msg="starting signal loop" namespace=moby path=/run/docker/containerd/daemon/io.containerd.runtime.v2.task/moby/ef66d801ffe81cd3da0c817109c3ec5af29bd16321614abf47204e3a48b9092a pid=11680
Feb 07 08:47:15 minikube dockerd[2675]: time="2021-02-07T08:47:15.041970363Z" level=info msg="starting signal loop" namespace=moby path=/run/docker/containerd/daemon/io.containerd.runtime.v2.task/moby/82974ecb871391e5b7f0def59373ec51ce74ecf804865d9711da259eec50d21d pid=11725
Feb 07 08:47:15 minikube dockerd[2675]: time="2021-02-07T08:47:15.951531490Z" level=info msg="starting signal loop" namespace=moby path=/run/docker/containerd/daemon/io.containerd.runtime.v2.task/moby/a2b0e9838bdf5c90d6a67a096c9b8cdf310c32fa934d62fb2ac9539c365dc0b4 pid=11948
Feb 07 08:47:15 minikube dockerd[2675]: time="2021-02-07T08:47:15.971528363Z" level=info msg="starting signal loop" namespace=moby path=/run/docker/containerd/daemon/io.containerd.runtime.v2.task/moby/de45e1c4e8f59e695f0bcee84ed26162bcdc67580bcd9167d480c19e4a29ea71 pid=11943
Feb 07 08:47:16 minikube dockerd[2675]: time="2021-02-07T08:47:16.088244760Z" level=info msg="starting signal loop" namespace=moby path=/run/docker/containerd/daemon/io.containerd.runtime.v2.task/moby/9e0e0e57b35e6ce6df27cc1cb470b918428e9ca9ae7a75a19b1b40a53c24b07d pid=11986
Feb 07 08:47:16 minikube dockerd[2675]: time="2021-02-07T08:47:16.219180759Z" level=info msg="starting signal loop" namespace=moby path=/run/docker/containerd/daemon/io.containerd.runtime.v2.task/moby/8409436868a470477bda7c64d8d8c888d844a102b5eacdeec050036c5f4aa75b pid=12044
Feb 07 08:47:16 minikube dockerd[2675]: time="2021-02-07T08:47:16.722705450Z" level=info msg="starting signal loop" namespace=moby path=/run/docker/containerd/daemon/io.containerd.runtime.v2.task/moby/2d036ddf915b8bdc4af4b9b0cf323d0f7cdfe72152c42e45df313c50f88dc1eb pid=12199
Feb 07 08:47:19 minikube dockerd[2675]: time="2021-02-07T08:47:19.877204368Z" level=info msg="starting signal loop" namespace=moby path=/run/docker/containerd/daemon/io.containerd.runtime.v2.task/moby/b8f3a021aaeba90151ac3be257241ee9f2b5c22c51141a50457915ddcdc825c4 pid=12630
Feb 07 08:47:28 minikube dockerd[2668]: time="2021-02-07T08:47:28.569522827Z" level=info msg="ignoring event" container=a2b0e9838bdf5c90d6a67a096c9b8cdf310c32fa934d62fb2ac9539c365dc0b4 module=libcontainerd namespace=moby topic=/tasks/delete type="*events.TaskDelete"
Feb 07 08:47:28 minikube dockerd[2675]: time="2021-02-07T08:47:28.570525135Z" level=info msg="shim disconnected" id=a2b0e9838bdf5c90d6a67a096c9b8cdf310c32fa934d62fb2ac9539c365dc0b4
Feb 07 08:47:35 minikube dockerd[2675]: time="2021-02-07T08:47:35.846820861Z" level=info msg="starting signal loop" namespace=moby path=/run/docker/containerd/daemon/io.containerd.runtime.v2.task/moby/c945024934ab6b7ed7d38f3b356131218e082a70caa01b79f4de8f1b52d4784e pid=12886
Feb 07 08:47:49 minikube dockerd[2675]: time="2021-02-07T08:47:49.150406814Z" level=info msg="shim disconnected" id=c945024934ab6b7ed7d38f3b356131218e082a70caa01b79f4de8f1b52d4784e
Feb 07 08:47:49 minikube dockerd[2668]: time="2021-02-07T08:47:49.150594140Z" level=info msg="ignoring event" container=c945024934ab6b7ed7d38f3b356131218e082a70caa01b79f4de8f1b52d4784e module=libcontainerd namespace=moby topic=/tasks/delete type="*events.TaskDelete"
Feb 07 08:48:09 minikube dockerd[2675]: time="2021-02-07T08:48:09.923182647Z" level=info msg="starting signal loop" namespace=moby path=/run/docker/containerd/daemon/io.containerd.runtime.v2.task/moby/085c182a1267cd3fb92cf67295f8c3af39d359de7b9d1279d84d1499f4ede3e0 pid=13319
Feb 07 09:22:14 minikube dockerd[2668]: time="2021-02-07T09:22:14.670992887Z" level=info msg="ignoring event" container=9713e5fec8441b7cdeb0b1827754b486b5313ef10cb1a296e67ca44b5cf59320 module=libcontainerd namespace=moby topic=/tasks/delete type="*events.TaskDelete"
Feb 07 09:22:14 minikube dockerd[2675]: time="2021-02-07T09:22:14.671559276Z" level=info msg="shim disconnected" id=9713e5fec8441b7cdeb0b1827754b486b5313ef10cb1a296e67ca44b5cf59320
Feb 07 09:22:21 minikube dockerd[2675]: time="2021-02-07T09:22:21.141422413Z" level=info msg="starting signal loop" namespace=moby path=/run/docker/containerd/daemon/io.containerd.runtime.v2.task/moby/bb3d95a706a392f6cdbcb2d9a11b89c08e68edf1bbc5a7750878dd79ff72fe1c pid=20698
Feb 07 09:22:56 minikube dockerd[2675]: time="2021-02-07T09:22:56.966385597Z" level=info msg="starting signal loop" namespace=moby path=/run/docker/containerd/daemon/io.containerd.runtime.v2.task/moby/e2fd82ba0ef43ce7bed9c35b28d4fbaf09608d2a02d07f358ea1e7f9e7484fc5 pid=20848
Feb 07 09:22:56 minikube dockerd[2675]: time="2021-02-07T09:22:56.975413772Z" level=info msg="starting signal loop" namespace=moby path=/run/docker/containerd/daemon/io.containerd.runtime.v2.task/moby/002aba0eb588eaaae5a21699d32d48db0e687717e4fc721698d52ea6933661d2 pid=20849
Feb 07 09:23:04 minikube dockerd[2675]: time="2021-02-07T09:23:04.178068564Z" level=info msg="starting signal loop" namespace=moby path=/run/docker/containerd/daemon/io.containerd.runtime.v2.task/moby/dcd13eea8f9219311a1323c2b13fff2c24193e5b99cd1cccf719e233c410e2d1 pid=21013
Feb 07 09:23:04 minikube dockerd[2675]: time="2021-02-07T09:23:04.180298345Z" level=info msg="starting signal loop" namespace=moby path=/run/docker/containerd/daemon/io.containerd.runtime.v2.task/moby/bb8eefd1c6983fbb88374fd7c61992dc865378f6b553d9a6687b0001d64700cb pid=21025
Feb 07 09:26:17 minikube dockerd[2668]: time="2021-02-07T09:26:17.988035064Z" level=error msg="stream copy error: reading from a closed fifo"
Feb 07 09:26:17 minikube dockerd[2668]: time="2021-02-07T09:26:17.993593141Z" level=error msg="Error running exec f16ddbd760b8d329294d731a15525808210f12c7e4066bf96524bfae075412cf in container: OCI runtime exec failed: exec failed: container_linux.go:370: starting container process caused: exec: \"bash\": executable file not found in $PATH: unknown"
Feb 07 09:28:02 minikube dockerd[2668]: time="2021-02-07T09:28:02.144207560Z" level=info msg="ignoring event" container=bb3d95a706a392f6cdbcb2d9a11b89c08e68edf1bbc5a7750878dd79ff72fe1c module=libcontainerd namespace=moby topic=/tasks/delete type="*events.TaskDelete"
Feb 07 09:28:02 minikube dockerd[2675]: time="2021-02-07T09:28:02.144458793Z" level=info msg="shim disconnected" id=bb3d95a706a392f6cdbcb2d9a11b89c08e68edf1bbc5a7750878dd79ff72fe1c
Feb 07 09:28:16 minikube dockerd[2675]: time="2021-02-07T09:28:16.203467082Z" level=info msg="starting signal loop" namespace=moby path=/run/docker/containerd/daemon/io.containerd.runtime.v2.task/moby/957dd58b640ac336a400c346a114a2dec5ea632afe8710267a33dd450b700a52 pid=22229
Feb 07 10:22:57 minikube dockerd[2668]: time="2021-02-07T10:22:57.730805769Z" level=error msg="stream copy error: reading from a closed fifo"
Feb 07 10:22:57 minikube dockerd[2668]: time="2021-02-07T10:22:57.738561262Z" level=error msg="Error running exec 7ff28030ab5d95b967d5567fe11b1300e89c61e392f967dadb344b6e43bcc04e in container: OCI runtime exec failed: exec failed: container_linux.go:370: starting container process caused: exec: \"bash\": executable file not found in $PATH: unknown"
Feb 07 10:23:29 minikube dockerd[2675]: time="2021-02-07T10:23:29.409126994Z" level=info msg="shim disconnected" id=957dd58b640ac336a400c346a114a2dec5ea632afe8710267a33dd450b700a52
Feb 07 10:23:29 minikube dockerd[2668]: time="2021-02-07T10:23:29.410552007Z" level=info msg="ignoring event" container=957dd58b640ac336a400c346a114a2dec5ea632afe8710267a33dd450b700a52 module=libcontainerd namespace=moby topic=/tasks/delete type="*events.TaskDelete"
Feb 07 10:23:30 minikube dockerd[2675]: time="2021-02-07T10:23:30.353957469Z" level=info msg="starting signal loop" namespace=moby path=/run/docker/containerd/daemon/io.containerd.runtime.v2.task/moby/00856816ffb07ccc199425d940cf55f6d2c1b3a6714da21d1d698cf25e45eb6d pid=34096
Feb 07 10:35:50 minikube dockerd[2675]: time="2021-02-07T10:35:50.965956723Z" level=info msg="shim disconnected" id=00856816ffb07ccc199425d940cf55f6d2c1b3a6714da21d1d698cf25e45eb6d
Feb 07 10:35:51 minikube dockerd[2668]: time="2021-02-07T10:35:51.004089091Z" level=info msg="ignoring event" container=00856816ffb07ccc199425d940cf55f6d2c1b3a6714da21d1d698cf25e45eb6d module=libcontainerd namespace=moby topic=/tasks/delete type="*events.TaskDelete"
Feb 07 10:35:52 minikube dockerd[2675]: time="2021-02-07T10:35:52.318845060Z" level=info msg="starting signal loop" namespace=moby path=/run/docker/containerd/daemon/io.containerd.runtime.v2.task/moby/2009abed1e6c6f744ac39d08ecb20898409028074f741679b91566b1413b52e9 pid=36780
Feb 07 10:46:49 minikube dockerd[2668]: time="2021-02-07T10:46:49.572538108Z" level=info msg="ignoring event" container=2009abed1e6c6f744ac39d08ecb20898409028074f741679b91566b1413b52e9 module=libcontainerd namespace=moby topic=/tasks/delete type="*events.TaskDelete"
Feb 07 10:46:49 minikube dockerd[2675]: time="2021-02-07T10:46:49.573551304Z" level=info msg="shim disconnected" id=2009abed1e6c6f744ac39d08ecb20898409028074f741679b91566b1413b52e9
Feb 07 10:46:53 minikube dockerd[2675]: time="2021-02-07T10:46:53.377666915Z" level=info msg="starting signal loop" namespace=moby path=/run/docker/containerd/daemon/io.containerd.runtime.v2.task/moby/30070904a09a5a2204e5d7ea04721af98af80a9493d7ac936b47d3f395dd33f4 pid=39052
Feb 07 10:53:38 minikube dockerd[2668]: time="2021-02-07T10:53:38.955877314Z" level=info msg="ignoring event" container=30070904a09a5a2204e5d7ea04721af98af80a9493d7ac936b47d3f395dd33f4 module=libcontainerd namespace=moby topic=/tasks/delete type="*events.TaskDelete"
Feb 07 10:53:38 minikube dockerd[2675]: time="2021-02-07T10:53:38.957172342Z" level=info msg="shim disconnected" id=30070904a09a5a2204e5d7ea04721af98af80a9493d7ac936b47d3f395dd33f4
Feb 07 10:53:53 minikube dockerd[2675]: time="2021-02-07T10:53:53.484124657Z" level=info msg="starting signal loop" namespace=moby path=/run/docker/containerd/daemon/io.containerd.runtime.v2.task/moby/2d9bf7894fa9f4758eb7d5723df16061c3892c28afa4195b918f0a9ce2499636 pid=40520

==> container status <==
CONTAINER           IMAGE                                                                                        CREATED              STATE               NAME                        ATTEMPT             POD ID
2d9bf7894fa9f       85069258b98ac                                                                                About a minute ago   Running             storage-provisioner         7                   0a144527e50ea
30070904a09a5       85069258b98ac                                                                                8 minutes ago        Exited              storage-provisioner         6                   0a144527e50ea
bb8eefd1c6983       86262685d9abb                                                                                2 hours ago          Running             dashboard-metrics-scraper   0                   e2fd82ba0ef43
dcd13eea8f921       9a07b5b4bfac0                                                                                2 hours ago          Running             kubernetes-dashboard        0                   002aba0eb588e
085c182a1267c       28a35a5858f68                                                                                2 hours ago          Running             mysql                       2                   a18b182760b2d
c945024934ab6       28a35a5858f68                                                                                2 hours ago          Exited              mysql                       1                   a18b182760b2d
b8f3a021aaeba       6c010e9c6d548                                                                                2 hours ago          Running             nginx                       0                   48ec3df5c9afa
2d036ddf915b8       6c3197a9ab4a9                                                                                2 hours ago          Running             grafana                     0                   82974ecb87139
8409436868a47       45f7be7643902                                                                                2 hours ago          Running             phpmyadmin                  0                   adc3658035c4c
de45e1c4e8f59       314d52bebcd8f                                                                                2 hours ago          Running             wordpress                   0                   c7f9f3478f20e
9e0e0e57b35e6       8da85a2c384a7                                                                                2 hours ago          Running             influxdb                    0                   ef66d801ffe81
05d8e21bdf7a6       metallb/controller@sha256:5c050e59074e152711737d2bb9ede96dff67016c80cf25cdf5fc46109718a583   2 hours ago          Running             controller                  0                   43a2256075511
a02b1390991f9       metallb/speaker@sha256:f1941498a28cdb332429e25d18233683da6949ecfc4f6dacf12b1416d7d38263      2 hours ago          Running             speaker                     0                   1cc957d382302
0617db3645535       bfe3a36ebd252                                                                                2 hours ago          Running             coredns                     0                   b20e5e834a501
81ab73bce664e       43154ddb57a83                                                                                2 hours ago          Running             kube-proxy                  0                   fd49e6e200896
de09fc092a6f4       ed2c44fbdd78b                                                                                2 hours ago          Running             kube-scheduler              0                   d3c9d3b155e1b
61e8d40c6e3a6       0369cf4303ffd                                                                                2 hours ago          Running             etcd                        0                   d951966ea3f24
7a389fd9998d4       a27166429d98e                                                                                2 hours ago          Running             kube-controller-manager     0                   5fb401b94c8f4
4343ffe283af8       a8c2fdb8bf76e                                                                                2 hours ago          Running             kube-apiserver              0                   6a70856b9e6c4

==> coredns [0617db364553] <==
I0207 08:45:28.414160       1 trace.go:116] Trace[1427131847]: "Reflector ListAndWatch" name:pkg/mod/k8s.io/client-go@v0.18.3/tools/cache/reflector.go:125 (started: 2021-02-07 08:44:58.321950229 +0000 UTC m=+0.260160519) (total time: 30.070326886s):
Trace[1427131847]: [30.070326886s] [30.070326886s] END
I0207 08:45:28.414306       1 trace.go:116] Trace[2019727887]: "Reflector ListAndWatch" name:pkg/mod/k8s.io/client-go@v0.18.3/tools/cache/reflector.go:125 (started: 2021-02-07 08:44:58.322792902 +0000 UTC m=+0.261003178) (total time: 30.069404166s):
Trace[2019727887]: [30.069404166s] [30.069404166s] END
E0207 08:45:28.422134       1 reflector.go:178] pkg/mod/k8s.io/client-go@v0.18.3/tools/cache/reflector.go:125: Failed to list *v1.Namespace: Get "https://10.96.0.1:443/api/v1/namespaces?limit=500&resourceVersion=0": dial tcp 10.96.0.1:443: i/o timeout
E0207 08:45:28.422380       1 reflector.go:178] pkg/mod/k8s.io/client-go@v0.18.3/tools/cache/reflector.go:125: Failed to list *v1.Endpoints: Get "https://10.96.0.1:443/api/v1/endpoints?limit=500&resourceVersion=0": dial tcp 10.96.0.1:443: i/o timeout
I0207 08:45:28.422463       1 trace.go:116] Trace[939984059]: "Reflector ListAndWatch" name:pkg/mod/k8s.io/client-go@v0.18.3/tools/cache/reflector.go:125 (started: 2021-02-07 08:44:58.321815923 +0000 UTC m=+0.260026200) (total time: 30.072120634s):
Trace[939984059]: [30.072120634s] [30.072120634s] END
E0207 08:45:28.422471       1 reflector.go:178] pkg/mod/k8s.io/client-go@v0.18.3/tools/cache/reflector.go:125: Failed to list *v1.Service: Get "https://10.96.0.1:443/api/v1/services?limit=500&resourceVersion=0": dial tcp 10.96.0.1:443: i/o timeout
.:53
[INFO] plugin/reload: Running configuration MD5 = db32ca3650231d74073ff4cf814959a7
CoreDNS-1.7.0
linux/amd64, go1.14.4, f59c03d
[INFO] plugin/ready: Still waiting on: "kubernetes"
[INFO] plugin/ready: Still waiting on: "kubernetes"
[INFO] plugin/ready: Still waiting on: "kubernetes"

==> describe nodes <==
